========================================
multiotp 4.0.0beta5
2013-06-18 10:04:37 OK: user frank successfully logged in
========================================
multiotp 4.0.0beta5
2013-06-18 10:04:51 Error: authentication failed for user frank
========================================
multiotp 4.0.0beta5
2013-06-18 12:57:01 OK: user frank successfully logged in
========================================
multiotp 4.0.0beta5
2013-06-18 12:57:09 OK: user frank successfully logged in
========================================
multiotp 4.0.0beta5
2013-06-18 13:17:01 OK: user frank successfully logged in
========================================
multiotp 4.0.0beta5
2013-06-18 14:25:39 OK: user frank successfully logged in
========================================
multiotp 4.0.0beta5
2013-06-20 13:49:59 OK: user frank successfully logged in
========================================
multiotp 4.0.0beta5
2013-06-20 13:52:18 Error: authentication failed for user frank
========================================
multiotp 4.0.0beta5
2013-06-20 13:52:29 OK: user frank successfully logged in
========================================
multiotp 4.0.0beta5
2013-06-20 13:52:42 Information: user frank successfully deleted
========================================
multiotp 4.0.0beta5
2013-06-20 14:10:39 Error: authentication failed for user frank
========================================
multiotp 4.0.0beta5
2013-06-20 14:10:53 OK: user frank successfully logged in
========================================
multiotp 4.0.0beta5
2013-06-20 14:11:03 Information: user frank successfully deleted
